#
# A fatal error has been detected by the Java Runtime Environment:
#
#  SIGSEGV (0xb) at pc=0x0000000103a942b0, pid=35225, tid=16643
#
# JRE version: Java(TM) SE Runtime Environment (8.0_25-b17) (build 1.8.0_25-b17)
# Java VM: Java HotSpot(TM) 64-Bit Server VM (25.25-b02 mixed mode bsd-amd64 compressed oops)
# Problematic frame:
# V  [libjvm.dylib+0x4232b0]  Method::checked_resolve_jmethod_id(_jmethodID*)+0xe
#
# Failed to write core dump. Core dumps have been disabled. To enable core dumping, try "ulimit -c unlimited" before starting Java again
#
# If you would like to submit a bug report, please visit:
#   http://bugreport.sun.com/bugreport/crash.jsp
#

---------------  T H R E A D  ---------------

Current thread (0x00007ffaf3025800):  JavaThread "JDWP Transport Listener: dt_socket" daemon [_thread_in_vm, id=16643, stack(0x00000001214c0000,0x00000001215c0000)]

siginfo: si_signo: 11 (SIGSEGV), si_code: 0 (unknown), si_addr: 0x0000000000000000

Registers:
RAX=0x0000000000000001, RBX=0x00000001215bfa8b, RCX=0x0000000103e47c80, RDX=0x00000001215bfa8b
RSP=0x00000001215bf9d0, RBP=0x00000001215bf9e0, RSI=0x00007ffaf3025800, RDI=0x746f6e6e412f0005
R8 =0x0000000000000000, R9 =0x00007ffaf2c00000, R10=0x0000000000000010, R11=0x00007ffaf2c00000
R12=0x00007ffaf3025800, R13=0x746f6e6e412f0005, R14=0x746f6e6e412f0005, R15=0x00007ffaf2e06720
RIP=0x0000000103a942b0, EFLAGS=0x0000000000010206, ERR=0x0000000000000000
  TRAPNO=0x000000000000000d

Top of Stack: (sp=0x00000001215bf9d0)
0x00000001215bf9d0:   00000001215bfa8b 00000001215bfa8b
0x00000001215bf9e0:   00000001215bfa40 00000001039a626e
0x00000001215bf9f0:   00007ffaf3025800 0000000000000000
0x00000001215bfa00:   0000000000000000 0000000000000000
0x00000001215bfa10:   00007ffaf3025800 00007ffaf3025800
0x00000001215bfa20:   00000001215bfa8b 00000001215bfa90
0x00000001215bfa30:   746f6e6e412f0005 0000000000000006
0x00000001215bfa40:   00000001215bfa60 000000010470a7dc
0x00000001215bfa50:   0000000000000001 00000001215bfb08
0x00000001215bfa60:   00000001215bfad0 00000001046ef263
0x00000001215bfa70:   00000001215bfaa0 00007ffaf2c260c0
0x00000001215bfa80:   0000000700000032 00000009005bfb08
0x00000001215bfa90:   0000000000000000 0000000000000000
0x00000001215bfaa0:   0000000000000000 00000001215bfc90
0x00000001215bfab0:   0000000104711eca 00007ffaf2c25890
0x00000001215bfac0:   00000001215bfb08 000000010471d588
0x00000001215bfad0:   00000001215bfae0 00000001046ef35c
0x00000001215bfae0:   00000001215bfd00 00000001046f88f6
0x00000001215bfaf0:   00003f5600000013 00000000000f0200
0x00000001215bfb00:   00007ffaf2c19e20 00007ffaf2c2617d
0x00000001215bfb10:   00007ffa0000020b 00007ffaf2c19fa0
0x00000001215bfb20:   00007ffa0000012c 00000001215bfb58
0x00000001215bfb30:   00007ffaf2c19fa0 00007f0000000000
0x00000001215bfb40:   00003f560000001c 00007fff00003f80
0x00000001215bfb50:   00000001215bfb58 fa7f000007000000
0x00000001215bfb60:   10000000704cf4f2 6f43794274726f73
0x00000001215bfb70:   726f74617261706d 616a4c2820000000
0x00000001215bfb80:   2f6c6974752f6176 616a4c293b70614d
0x00000001215bfb90:   2f6c6974752f6176 6e0000003b70614d
0x00000001215bfba0:   752f6176616a4c28 3c70614d2f6c6974
0x00000001215bfbb0:   616c2f6176616a4c 6e697274532f676e
0x00000001215bfbc0:   2f6176616a4c3b67 746e492f676e616c 

Instructions: (pc=0x0000000103a942b0)
0x0000000103a94290:   40 48 48 85 c0 75 e0 30 c0 0f b6 c0 5d c3 31 c0
0x0000000103a942a0:   5d c3 55 48 89 e5 53 48 83 ec 08 48 85 ff 74 24
0x0000000103a942b0:   48 8b 1f 48 85 db 74 1c 48 83 fb 37 74 16 48 8b
0x0000000103a942c0:   03 48 89 df ff 50 10 84 c0 b8 00 00 00 00 48 0f 

Register to memory mapping:

RAX=0x0000000000000001 is an unknown value
RBX=0x00000001215bfa8b is pointing into the stack for thread: 0x00007ffaf3025800
RCX=0x0000000103e47c80: UseMembar+0 in /Library/Java/JavaVirtualMachines/jdk1.8.0_25.jdk/Contents/Home/jre/lib/server/libjvm.dylib at 0x0000000103671000
RDX=0x00000001215bfa8b is pointing into the stack for thread: 0x00007ffaf3025800
RSP=0x00000001215bf9d0 is pointing into the stack for thread: 0x00007ffaf3025800
RBP=0x00000001215bf9e0 is pointing into the stack for thread: 0x00007ffaf3025800
RSI=0x00007ffaf3025800 is a thread
RDI=0x746f6e6e412f0005 is an unknown value
R8 =0x0000000000000000 is an unknown value
R9 =0x00007ffaf2c00000 is an unknown value
R10=0x0000000000000010 is an unknown value
R11=0x00007ffaf2c00000 is an unknown value
R12=0x00007ffaf3025800 is a thread
R13=0x746f6e6e412f0005 is an unknown value
R14=0x746f6e6e412f0005 is an unknown value
R15=0x00007ffaf2e06720 is an unknown value


Stack: [0x00000001214c0000,0x00000001215c0000],  sp=0x00000001215bf9d0,  free space=1022k
Native frames: (J=compiled Java code, j=interpreted, Vv=VM code, C=native code)
V  [libjvm.dylib+0x4232b0]  Method::checked_resolve_jmethod_id(_jmethodID*)+0xe
V  [libjvm.dylib+0x33526e]  jvmti_IsMethodSynthetic+0xb2
C  [libjdwp.dylib+0x207dc]  isMethodSynthetic+0x63
C  [libjdwp.dylib+0x5263]  methods1+0x10b
C  [libjdwp.dylib+0x535c]  methodsWithGeneric+0xe
C  [libjdwp.dylib+0xe8f6]  debugLoop_run+0x1ce
C  [libjdwp.dylib+0x1f716]  attachThread+0x4d
V  [libjvm.dylib+0x3762ce]  JvmtiAgentThread::call_start_function()+0x38
V  [libjvm.dylib+0x535ed9]  JavaThread::thread_main_inner()+0x9b
V  [libjvm.dylib+0x53761c]  JavaThread::run()+0x1c2
V  [libjvm.dylib+0x45d87e]  java_start(Thread*)+0xf6
C  [libsystem_pthread.dylib+0x3268]  _pthread_body+0x83
C  [libsystem_pthread.dylib+0x31e5]  _pthread_body+0x0
C  [libsystem_pthread.dylib+0x141d]  thread_start+0xd
C  0x0000000000000000


---------------  P R O C E S S  ---------------

Java Threads: ( => current thread )
  0x00007ffaf3066800 JavaThread "ReaderThread" [_thread_in_native, id=20739, stack(0x0000000121d7d000,0x0000000121e7d000)]
  0x00007ffaf4047000 JavaThread "Service Thread" daemon [_thread_blocked, id=19715, stack(0x0000000121ad2000,0x0000000121bd2000)]
  0x00007ffaf3032800 JavaThread "C1 CompilerThread2" daemon [_thread_blocked, id=19203, stack(0x00000001219cf000,0x0000000121acf000)]
  0x00007ffaf3032000 JavaThread "C2 CompilerThread1" daemon [_thread_blocked, id=18691, stack(0x00000001218cc000,0x00000001219cc000)]
  0x00007ffaf4002000 JavaThread "C2 CompilerThread0" daemon [_thread_blocked, id=18179, stack(0x00000001217c9000,0x00000001218c9000)]
  0x00007ffaf3027000 JavaThread "JDWP Command Reader" daemon [_thread_in_native, id=17667, stack(0x00000001216c6000,0x00000001217c6000)]
  0x00007ffaf3026800 JavaThread "JDWP Event Helper Thread" daemon [_thread_blocked, id=17155, stack(0x00000001215c3000,0x00000001216c3000)]
=>0x00007ffaf3025800 JavaThread "JDWP Transport Listener: dt_socket" daemon [_thread_in_vm, id=16643, stack(0x00000001214c0000,0x00000001215c0000)]
  0x00007ffaf3022000 JavaThread "Signal Dispatcher" daemon [_thread_blocked, id=13579, stack(0x00000001213b6000,0x00000001214b6000)]
  0x00007ffaf301d000 JavaThread "Finalizer" daemon [_thread_blocked, id=11523, stack(0x000000011f9ad000,0x000000011faad000)]
  0x00007ffaf3848800 JavaThread "Reference Handler" daemon [_thread_blocked, id=11011, stack(0x000000011f8aa000,0x000000011f9aa000)]
  0x00007ffaf300c000 JavaThread "main" [_thread_blocked, id=3331, stack(0x000000010458e000,0x000000010468e000)]

Other Threads:
  0x00007ffaf3844000 VMThread [stack: 0x000000011f7a7000,0x000000011f8a7000] [id=10499]
  0x00007ffaf3055800 WatcherThread [stack: 0x0000000121bd5000,0x0000000121cd5000] [id=20227]

VM state:not at safepoint (normal execution)

VM Mutex/Monitor currently owned by a thread: None

Heap:
 PSYoungGen      total 76288K, used 11796K [0x000000076ab00000, 0x0000000770000000, 0x00000007c0000000)
  eden space 65536K, 18% used [0x000000076ab00000,0x000000076b685398,0x000000076eb00000)
  from space 10752K, 0% used [0x000000076f580000,0x000000076f580000,0x0000000770000000)
  to   space 10752K, 0% used [0x000000076eb00000,0x000000076eb00000,0x000000076f580000)
 ParOldGen       total 175104K, used 0K [0x00000006c0000000, 0x00000006cab00000, 0x000000076ab00000)
  object space 175104K, 0% used [0x00000006c0000000,0x00000006c0000000,0x00000006cab00000)
 Metaspace       used 5029K, capacity 5114K, committed 5248K, reserved 1056768K
  class space    used 580K, capacity 625K, committed 640K, reserved 1048576K

Card table byte_map: [0x00000001143c0000,0x0000000114bc1000] byte_map_base: 0x0000000110dc0000

Marking Bits: (ParMarkBitMap*) 0x0000000103f0e390
 Begin Bits: [0x0000000115523000, 0x0000000119523000)
 End Bits:   [0x0000000119523000, 0x000000011d523000)

Polling page: 0x00000001046e9000

CodeCache: size=245760Kb used=1792Kb max_used=1796Kb free=243967Kb
 bounds [0x0000000105000000, 0x0000000105270000, 0x0000000114000000]
 total_blobs=542 nmethods=275 adapters=190
 compilation: enabled

Compilation events (10 events):
Event: 0.315 Thread 0x00007ffaf3032800 nmethod 271 0x00000001051b8a10 code [0x00000001051b8b80, 0x00000001051b8da8]
Event: 0.316 Thread 0x00007ffaf3032800  272   !   3       java.net.URLClassLoader::findClass (29 bytes)
Event: 0.316 Thread 0x00007ffaf3032800 nmethod 272 0x00000001051bd9d0 code [0x00000001051bdb80, 0x00000001051be0c8]
Event: 0.316 Thread 0x00007ffaf3032800  273       3       java.net.URLClassLoader$1::<init> (15 bytes)
Event: 0.316 Thread 0x00007ffaf3032000 nmethod 268 0x00000001051c1f90 code [0x00000001051c2100, 0x00000001051c23f8]
Event: 0.316 Thread 0x00007ffaf3032800 nmethod 273 0x00000001051c0e10 code [0x00000001051c0f80, 0x00000001051c1170]
Event: 6.666 Thread 0x00007ffaf3032800  274  s    3       sun.misc.Resource::cachedInputStream (20 bytes)
Event: 6.667 Thread 0x00007ffaf3032800 nmethod 274 0x00000001051c0810 code [0x00000001051c0980, 0x00000001051c0d68]
Event: 6.667 Thread 0x00007ffaf3032800  275       3       java.security.CodeSource::getCertificates (98 bytes)
Event: 6.668 Thread 0x00007ffaf3032800 nmethod 275 0x00000001051bf5d0 code [0x00000001051bf800, 0x00000001051c03d8]

GC Heap History (0 events):
No events

Deoptimization events (0 events):
No events

Internal exceptions (10 events):
Event: 0.312 Thread 0x00007ffaf300c000 Exception <a 'java/security/PrivilegedActionException'> (0x000000076b51db20) thrown at [/HUDSON3/workspace/8-2-build-macosx-x86_64/jdk8u25/1514/hotspot/src/share/vm/prims/jvm.cpp, line 1312]
Event: 0.313 Thread 0x00007ffaf300c000 Exception <a 'java/security/PrivilegedActionException'> (0x000000076b523c68) thrown at [/HUDSON3/workspace/8-2-build-macosx-x86_64/jdk8u25/1514/hotspot/src/share/vm/prims/jvm.cpp, line 1312]
Event: 0.314 Thread 0x00007ffaf300c000 Exception <a 'java/security/PrivilegedActionException'> (0x000000076b5285c8) thrown at [/HUDSON3/workspace/8-2-build-macosx-x86_64/jdk8u25/1514/hotspot/src/share/vm/prims/jvm.cpp, line 1312]
Event: 0.314 Thread 0x00007ffaf300c000 Exception <a 'java/security/PrivilegedActionException'> (0x000000076b52e188) thrown at [/HUDSON3/workspace/8-2-build-macosx-x86_64/jdk8u25/1514/hotspot/src/share/vm/prims/jvm.cpp, line 1312]
Event: 0.315 Thread 0x00007ffaf300c000 Exception <a 'java/security/PrivilegedActionException'> (0x000000076b533618) thrown at [/HUDSON3/workspace/8-2-build-macosx-x86_64/jdk8u25/1514/hotspot/src/share/vm/prims/jvm.cpp, line 1312]
Event: 0.315 Thread 0x00007ffaf300c000 Exception <a 'java/security/PrivilegedActionException'> (0x000000076b538ac8) thrown at [/HUDSON3/workspace/8-2-build-macosx-x86_64/jdk8u25/1514/hotspot/src/share/vm/prims/jvm.cpp, line 1312]
Event: 0.316 Thread 0x00007ffaf300c000 Exception <a 'java/security/PrivilegedActionException'> (0x000000076b53db98) thrown at [/HUDSON3/workspace/8-2-build-macosx-x86_64/jdk8u25/1514/hotspot/src/share/vm/prims/jvm.cpp, line 1312]
Event: 0.316 Thread 0x00007ffaf300c000 Exception <a 'java/security/PrivilegedActionException'> (0x000000076b5426d0) thrown at [/HUDSON3/workspace/8-2-build-macosx-x86_64/jdk8u25/1514/hotspot/src/share/vm/prims/jvm.cpp, line 1312]
Event: 6.664 Thread 0x00007ffaf300c000 Exception <a 'java/security/PrivilegedActionException'> (0x000000076b548940) thrown at [/HUDSON3/workspace/8-2-build-macosx-x86_64/jdk8u25/1514/hotspot/src/share/vm/prims/jvm.cpp, line 1312]
Event: 6.666 Thread 0x00007ffaf300c000 Exception <a 'java/security/PrivilegedActionException'> (0x000000076b54f390) thrown at [/HUDSON3/workspace/8-2-build-macosx-x86_64/jdk8u25/1514/hotspot/src/share/vm/prims/jvm.cpp, line 1312]

Events (10 events):
Event: 57.320 Executing VM operation: GetOrSetLocal
Event: 57.320 Executing VM operation: GetOrSetLocal done
Event: 57.321 Executing VM operation: GetOrSetLocal
Event: 57.321 Executing VM operation: GetOrSetLocal done
Event: 57.321 Executing VM operation: GetOrSetLocal
Event: 57.321 Executing VM operation: GetOrSetLocal done
Event: 57.322 Executing VM operation: GetOrSetLocal
Event: 57.322 Executing VM operation: GetOrSetLocal done
Event: 158.660 Executing VM operation: RedefineClasses
Event: 158.661 Executing VM operation: RedefineClasses done


Dynamic libraries:
0x0000000007f05000 	/System/Library/Frameworks/Cocoa.framework/Versions/A/Cocoa
0x0000000007f05000 	/System/Library/Frameworks/Security.framework/Versions/A/Security
0x0000000007f05000 	/System/Library/Frameworks/ApplicationServices.framework/Versions/A/ApplicationServices
0x0000000007f05000 	/usr/lib/libz.1.dylib
0x0000000007f05000 	/usr/lib/libSystem.B.dylib
0x0000000007f05000 	/usr/lib/libobjc.A.dylib
0x0000000007f05000 	/System/Library/Frameworks/CoreFoundation.framework/Versions/A/CoreFoundation
0x0000000007f05000 	/System/Library/Frameworks/Foundation.framework/Versions/C/Foundation
0x0000000007f05000 	/System/Library/Frameworks/AppKit.framework/Versions/C/AppKit
0x0000000007f05000 	/System/Library/Frameworks/CoreData.framework/Versions/A/CoreData
0x0000000007f05000 	/System/Library/PrivateFrameworks/RemoteViewServices.framework/Versions/A/RemoteViewServices
0x0000000007f05000 	/System/Library/PrivateFrameworks/UIFoundation.framework/Versions/A/UIFoundation
0x0000000007f05000 	/System/Library/Frameworks/IOSurface.framework/Versions/A/IOSurface
0x0000000007f05000 	/System/Library/Frameworks/AudioToolbox.framework/Versions/A/AudioToolbox
0x0000000007f05000 	/System/Library/Frameworks/AudioUnit.framework/Versions/A/AudioUnit
0x0000000007f05000 	/System/Library/PrivateFrameworks/DataDetectorsCore.framework/Versions/A/DataDetectorsCore
0x0000000007f05000 	/System/Library/PrivateFrameworks/DesktopServicesPriv.framework/Versions/A/DesktopServicesPriv
0x0000000007f05000 	/System/Library/Frameworks/Carbon.framework/Versions/A/Frameworks/HIToolbox.framework/Versions/A/HIToolbox
0x0000000007f05000 	/System/Library/Frameworks/QuartzCore.framework/Versions/A/QuartzCore
0x0000000007f05000 	/System/Library/Frameworks/Carbon.framework/Versions/A/Frameworks/SpeechRecognition.framework/Versions/A/SpeechRecognition
0x0000000007f05000 	/usr/lib/libauto.dylib
0x0000000007f05000 	/usr/lib/libicucore.A.dylib
0x0000000007f05000 	/usr/lib/libxml2.2.dylib
0x0000000007f05000 	/System/Library/PrivateFrameworks/CoreUI.framework/Versions/A/CoreUI
0x0000000007f05000 	/System/Library/Frameworks/CoreAudio.framework/Versions/A/CoreAudio
0x0000000007f05000 	/System/Library/Frameworks/DiskArbitration.framework/Versions/A/DiskArbitration
0x0000000007f05000 	/usr/lib/liblangid.dylib
0x0000000007f05000 	/System/Library/PrivateFrameworks/MultitouchSupport.framework/Versions/A/MultitouchSupport
0x0000000007f05000 	/System/Library/Frameworks/IOKit.framework/Versions/A/IOKit
0x0000000007f05000 	/usr/lib/libDiagnosticMessagesClient.dylib
0x0000000007f05000 	/System/Library/Frameworks/CoreServices.framework/Versions/A/CoreServices
0x0000000007f05000 	/System/Library/PrivateFrameworks/PerformanceAnalysis.framework/Versions/A/PerformanceAnalysis
0x0000000007f05000 	/System/Library/PrivateFrameworks/GenerationalStorage.framework/Versions/A/GenerationalStorage
0x0000000007f05000 	/System/Library/Frameworks/OpenGL.framework/Versions/A/OpenGL
0x0000000007f05000 	/System/Library/PrivateFrameworks/Sharing.framework/Versions/A/Sharing
0x0000000007f05000 	/System/Library/Frameworks/CoreGraphics.framework/Versions/A/CoreGraphics
0x0000000007f05000 	/System/Library/Frameworks/CoreText.framework/Versions/A/CoreText
0x0000000007f05000 	/System/Library/Frameworks/ImageIO.framework/Versions/A/ImageIO
0x0000000007f05000 	/usr/lib/libextension.dylib
0x0000000007f05000 	/System/Library/PrivateFrameworks/Backup.framework/Versions/A/Backup
0x0000000007f05000 	/usr/lib/libarchive.2.dylib
0x0000000007f05000 	/System/Library/Frameworks/CFNetwork.framework/Versions/A/CFNetwork
0x0000000007f05000 	/System/Library/Frameworks/SystemConfiguration.framework/Versions/A/SystemConfiguration
0x0000000007f05000 	/usr/lib/libCRFSuite.dylib
0x0000000007f05000 	/usr/lib/libc++.1.dylib
0x0000000007f05000 	/usr/lib/libc++abi.dylib
0x0000000007f05000 	/usr/lib/system/libcache.dylib
0x0000000007f05000 	/usr/lib/system/libcommonCrypto.dylib
0x0000000007f05000 	/usr/lib/system/libcompiler_rt.dylib
0x0000000007f05000 	/usr/lib/system/libcopyfile.dylib
0x0000000007f05000 	/usr/lib/system/libcorecrypto.dylib
0x0000000007f05000 	/usr/lib/system/libdispatch.dylib
0x0000000007f05000 	/usr/lib/system/libdyld.dylib
0x0000000007f05000 	/usr/lib/system/libkeymgr.dylib
0x0000000007f05000 	/usr/lib/system/liblaunch.dylib
0x0000000007f05000 	/usr/lib/system/libmacho.dylib
0x0000000007f05000 	/usr/lib/system/libquarantine.dylib
0x0000000007f05000 	/usr/lib/system/libremovefile.dylib
0x0000000007f05000 	/usr/lib/system/libsystem_asl.dylib
0x0000000007f05000 	/usr/lib/system/libsystem_blocks.dylib
0x0000000007f05000 	/usr/lib/system/libsystem_c.dylib
0x0000000007f05000 	/usr/lib/system/libsystem_configuration.dylib
0x0000000007f05000 	/usr/lib/system/libsystem_coreservices.dylib
0x0000000007f05000 	/usr/lib/system/libsystem_coretls.dylib
0x0000000007f05000 	/usr/lib/system/libsystem_dnssd.dylib
0x0000000007f05000 	/usr/lib/system/libsystem_info.dylib
0x0000000007f05000 	/usr/lib/system/libsystem_kernel.dylib
0x0000000007f05000 	/usr/lib/system/libsystem_m.dylib
0x0000000007f05000 	/usr/lib/system/libsystem_malloc.dylib
0x0000000007f05000 	/usr/lib/system/libsystem_network.dylib
0x0000000007f05000 	/usr/lib/system/libsystem_networkextension.dylib
0x0000000007f05000 	/usr/lib/system/libsystem_notify.dylib
0x0000000007f05000 	/usr/lib/system/libsystem_platform.dylib
0x0000000007f05000 	/usr/lib/system/libsystem_pthread.dylib
0x0000000007f05000 	/usr/lib/system/libsystem_sandbox.dylib
0x0000000007f05000 	/usr/lib/system/libsystem_secinit.dylib
0x0000000007f05000 	/usr/lib/system/libsystem_stats.dylib
0x0000000007f05000 	/usr/lib/system/libsystem_trace.dylib
0x0000000007f05000 	/usr/lib/system/libunc.dylib
0x0000000007f05000 	/usr/lib/system/libunwind.dylib
0x0000000007f05000 	/usr/lib/system/libxpc.dylib
0x0000000007f05000 	/usr/lib/libbz2.1.0.dylib
0x0000000007f05000 	/usr/lib/liblzma.5.dylib
0x0000000007f05000 	/usr/lib/libbsm.0.dylib
0x0000000007f05000 	/usr/lib/libsqlite3.dylib
0x0000000007f05000 	/usr/lib/system/libkxld.dylib
0x0000000007f05000 	/usr/lib/libxar.1.dylib
0x0000000007f05000 	/usr/lib/libpam.2.dylib
0x0000000007f05000 	/usr/lib/libOpenScriptingUtil.dylib
0x0000000007f05000 	/System/Library/Frameworks/CoreServices.framework/Versions/A/Frameworks/FSEvents.framework/Versions/A/FSEvents
0x0000000007f05000 	/System/Library/Frameworks/CoreServices.framework/Versions/A/Frameworks/CarbonCore.framework/Versions/A/CarbonCore
0x0000000007f05000 	/System/Library/Frameworks/CoreServices.framework/Versions/A/Frameworks/Metadata.framework/Versions/A/Metadata
0x0000000007f05000 	/System/Library/Frameworks/CoreServices.framework/Versions/A/Frameworks/OSServices.framework/Versions/A/OSServices
0x0000000007f05000 	/System/Library/Frameworks/CoreServices.framework/Versions/A/Frameworks/SearchKit.framework/Versions/A/SearchKit
0x0000000007f05000 	/System/Library/Frameworks/CoreServices.framework/Versions/A/Frameworks/AE.framework/Versions/A/AE
0x0000000007f05000 	/System/Library/Frameworks/CoreServices.framework/Versions/A/Frameworks/LaunchServices.framework/Versions/A/LaunchServices
0x0000000007f05000 	/System/Library/Frameworks/CoreServices.framework/Versions/A/Frameworks/DictionaryServices.framework/Versions/A/DictionaryServices
0x0000000007f05000 	/System/Library/Frameworks/NetFS.framework/Versions/A/NetFS
0x0000000007f05000 	/System/Library/PrivateFrameworks/NetAuth.framework/Versions/A/NetAuth
0x0000000007f05000 	/System/Library/PrivateFrameworks/login.framework/Versions/A/Frameworks/loginsupport.framework/Versions/A/loginsupport
0x0000000007f05000 	/System/Library/PrivateFrameworks/TCC.framework/Versions/A/TCC
0x0000000007f05000 	/usr/lib/libmecabra.dylib
0x0000000007f05000 	/System/Library/Frameworks/ApplicationServices.framework/Versions/A/Frameworks/ATS.framework/Versions/A/ATS
0x0000000007f05000 	/System/Library/Frameworks/ApplicationServices.framework/Versions/A/Frameworks/ColorSync.framework/Versions/A/ColorSync
0x0000000007f05000 	/System/Library/Frameworks/ApplicationServices.framework/Versions/A/Frameworks/HIServices.framework/Versions/A/HIServices
0x0000000007f05000 	/System/Library/Frameworks/ApplicationServices.framework/Versions/A/Frameworks/LangAnalysis.framework/Versions/A/LangAnalysis
0x0000000007f05000 	/System/Library/Frameworks/ApplicationServices.framework/Versions/A/Frameworks/PrintCore.framework/Versions/A/PrintCore
0x0000000007f05000 	/System/Library/Frameworks/ApplicationServices.framework/Versions/A/Frameworks/QD.framework/Versions/A/QD
0x0000000007f05000 	/System/Library/Frameworks/ApplicationServices.framework/Versions/A/Frameworks/SpeechSynthesis.framework/Versions/A/SpeechSynthesis
0x0000000007f05000 	/System/Library/Frameworks/Accelerate.framework/Versions/A/Accelerate
0x0000000007f05000 	/System/Library/Frameworks/Accelerate.framework/Versions/A/Frameworks/vImage.framework/Versions/A/vImage
0x0000000007f05000 	/System/Library/Frameworks/Accelerate.framework/Versions/A/Frameworks/vecLib.framework/Versions/A/vecLib
0x0000000007f05000 	/System/Library/Frameworks/Accelerate.framework/Versions/A/Frameworks/vecLib.framework/Versions/A/libvDSP.dylib
0x0000000007f05000 	/System/Library/Frameworks/Accelerate.framework/Versions/A/Frameworks/vecLib.framework/Versions/A/libvMisc.dylib
0x0000000007f05000 	/System/Library/Frameworks/Accelerate.framework/Versions/A/Frameworks/vecLib.framework/Versions/A/libLAPACK.dylib
0x0000000007f05000 	/System/Library/Frameworks/Accelerate.framework/Versions/A/Frameworks/vecLib.framework/Versions/A/libBLAS.dylib
0x0000000007f05000 	/System/Library/Frameworks/Accelerate.framework/Versions/A/Frameworks/vecLib.framework/Versions/A/libLinearAlgebra.dylib
0x0000000007f05000 	/System/Library/Frameworks/ApplicationServices.framework/Versions/A/Frameworks/ATS.framework/Versions/A/Resources/libFontParser.dylib
0x0000000007f05000 	/System/Library/Frameworks/ApplicationServices.framework/Versions/A/Frameworks/ATS.framework/Versions/A/Resources/libFontRegistry.dylib
0x0000000007f05000 	/System/Library/PrivateFrameworks/AppleVPA.framework/Versions/A/AppleVPA
0x0000000007f05000 	/System/Library/PrivateFrameworks/AppleJPEG.framework/Versions/A/AppleJPEG
0x0000000007f05000 	/System/Library/Frameworks/ImageIO.framework/Versions/A/Resources/libJPEG.dylib
0x0000000007f05000 	/System/Library/Frameworks/ImageIO.framework/Versions/A/Resources/libTIFF.dylib
0x0000000007f05000 	/System/Library/Frameworks/ImageIO.framework/Versions/A/Resources/libPng.dylib
0x0000000007f05000 	/System/Library/Frameworks/ImageIO.framework/Versions/A/Resources/libGIF.dylib
0x0000000007f05000 	/System/Library/Frameworks/ImageIO.framework/Versions/A/Resources/libJP2.dylib
0x0000000007f05000 	/System/Library/Frameworks/ImageIO.framework/Versions/A/Resources/libRadiance.dylib
0x0000000007f05000 	/System/Library/Frameworks/CoreVideo.framework/Versions/A/CoreVideo
0x0000000007f05000 	/System/Library/Frameworks/OpenGL.framework/Versions/A/Libraries/libGLU.dylib
0x0000000007f05000 	/System/Library/Frameworks/OpenGL.framework/Versions/A/Libraries/libGFXShared.dylib
0x0000000007f05000 	/System/Library/Frameworks/OpenGL.framework/Versions/A/Libraries/libGL.dylib
0x0000000007f05000 	/System/Library/Frameworks/OpenGL.framework/Versions/A/Libraries/libGLImage.dylib
0x0000000007f05000 	/System/Library/Frameworks/OpenGL.framework/Versions/A/Libraries/libCVMSPluginSupport.dylib
0x0000000007f05000 	/System/Library/Frameworks/OpenGL.framework/Versions/A/Libraries/libCoreVMClient.dylib
0x0000000007f05000 	/usr/lib/libcups.2.dylib
0x0000000007f05000 	/System/Library/Frameworks/Kerberos.framework/Versions/A/Kerberos
0x0000000007f05000 	/System/Library/Frameworks/GSS.framework/Versions/A/GSS
0x0000000007f05000 	/usr/lib/libresolv.9.dylib
0x0000000007f05000 	/usr/lib/libiconv.2.dylib
0x0000000007f05000 	/System/Library/PrivateFrameworks/Heimdal.framework/Versions/A/Heimdal
0x0000000007f05000 	/usr/lib/libheimdal-asn1.dylib
0x0000000007f05000 	/System/Library/Frameworks/OpenDirectory.framework/Versions/A/OpenDirectory
0x0000000007f05000 	/System/Library/PrivateFrameworks/CommonAuth.framework/Versions/A/CommonAuth
0x0000000007f05000 	/System/Library/Frameworks/OpenDirectory.framework/Versions/A/Frameworks/CFOpenDirectory.framework/Versions/A/CFOpenDirectory
0x0000000007f05000 	/System/Library/Frameworks/SecurityFoundation.framework/Versions/A/SecurityFoundation
0x0000000007f05000 	/System/Library/PrivateFrameworks/LanguageModeling.framework/Versions/A/LanguageModeling
0x0000000007f05000 	/usr/lib/libcmph.dylib
0x0000000007f05000 	/System/Library/Frameworks/ServiceManagement.framework/Versions/A/ServiceManagement
0x0000000007f05000 	/usr/lib/libxslt.1.dylib
0x0000000007f05000 	/System/Library/Frameworks/Carbon.framework/Versions/A/Frameworks/Ink.framework/Versions/A/Ink
0x0000000007f05000 	/System/Library/Frameworks/QuartzCore.framework/Versions/A/Frameworks/CoreImage.framework/Versions/A/CoreImage
0x0000000007f05000 	/System/Library/PrivateFrameworks/CrashReporterSupport.framework/Versions/A/CrashReporterSupport
0x0000000007f05000 	/System/Library/Frameworks/OpenCL.framework/Versions/A/OpenCL
0x0000000007f05000 	/System/Library/PrivateFrameworks/FaceCore.framework/Versions/A/FaceCore
0x0000000007f05000 	/System/Library/PrivateFrameworks/Ubiquity.framework/Versions/A/Ubiquity
0x0000000007f05000 	/System/Library/PrivateFrameworks/IconServices.framework/Versions/A/IconServices
0x0000000007f05000 	/System/Library/PrivateFrameworks/ChunkingLibrary.framework/Versions/A/ChunkingLibrary
0x0000000007f05000 	/System/Library/PrivateFrameworks/Apple80211.framework/Versions/A/Apple80211
0x0000000007f05000 	/System/Library/Frameworks/CoreWLAN.framework/Versions/A/CoreWLAN
0x0000000007f05000 	/System/Library/Frameworks/IOBluetooth.framework/Versions/A/IOBluetooth
0x0000000007f05000 	/System/Library/PrivateFrameworks/CoreWiFi.framework/Versions/A/CoreWiFi
0x0000000007f05000 	/System/Library/Frameworks/CoreBluetooth.framework/Versions/A/CoreBluetooth
0x0000000007f05000 	/System/Library/PrivateFrameworks/DebugSymbols.framework/Versions/A/DebugSymbols
0x0000000007f05000 	/System/Library/PrivateFrameworks/CoreSymbolication.framework/Versions/A/CoreSymbolication
0x0000000007f05000 	/System/Library/PrivateFrameworks/Symbolication.framework/Versions/A/Symbolication
0x0000000007f05000 	/System/Library/PrivateFrameworks/SpeechRecognitionCore.framework/Versions/A/SpeechRecognitionCore
0x0000000103671000 	/Library/Java/JavaVirtualMachines/jdk1.8.0_25.jdk/Contents/Home/jre/lib/server/libjvm.dylib
0x0000000007f05000 	/usr/lib/libstdc++.6.dylib
0x00000001046a7000 	/Library/Java/JavaVirtualMachines/jdk1.8.0_25.jdk/Contents/Home/jre/lib/libverify.dylib
0x00000001046b5000 	/Library/Java/JavaVirtualMachines/jdk1.8.0_25.jdk/Contents/Home/jre/lib/libjava.dylib
0x00000001046ea000 	/Library/Java/JavaVirtualMachines/jdk1.8.0_25.jdk/Contents/Home/jre/lib/libjdwp.dylib
0x0000000104735000 	/Library/Java/JavaVirtualMachines/jdk1.8.0_25.jdk/Contents/Home/jre/lib/libnpt.dylib
0x0000000104742000 	/Library/Java/JavaVirtualMachines/jdk1.8.0_25.jdk/Contents/Home/jre/lib/libzip.dylib
0x00000001047e4000 	/System/Library/Frameworks/JavaVM.framework/Frameworks/JavaRuntimeSupport.framework/JavaRuntimeSupport
0x000000011faaf000 	/System/Library/Frameworks/JavaVM.framework/Versions/A/Frameworks/JavaNativeFoundation.framework/Versions/A/JavaNativeFoundation
0x000000011fac4000 	/System/Library/Frameworks/JavaVM.framework/Versions/A/JavaVM
0x0000000007f05000 	/System/Library/Frameworks/Carbon.framework/Versions/A/Carbon
0x000000011fad1000 	/System/Library/PrivateFrameworks/JavaLaunching.framework/Versions/A/JavaLaunching
0x0000000007f05000 	/System/Library/Frameworks/Carbon.framework/Versions/A/Frameworks/CommonPanels.framework/Versions/A/CommonPanels
0x0000000007f05000 	/System/Library/Frameworks/Carbon.framework/Versions/A/Frameworks/Help.framework/Versions/A/Help
0x0000000007f05000 	/System/Library/Frameworks/Carbon.framework/Versions/A/Frameworks/ImageCapture.framework/Versions/A/ImageCapture
0x0000000007f05000 	/System/Library/Frameworks/Carbon.framework/Versions/A/Frameworks/OpenScripting.framework/Versions/A/OpenScripting
0x0000000007f05000 	/System/Library/Frameworks/Carbon.framework/Versions/A/Frameworks/Print.framework/Versions/A/Print
0x0000000007f05000 	/System/Library/Frameworks/Carbon.framework/Versions/A/Frameworks/SecurityHI.framework/Versions/A/SecurityHI
0x00000001214b8000 	/Library/Java/JavaVirtualMachines/jdk1.8.0_25.jdk/Contents/Home/jre/lib/libdt_socket.dylib
0x0000000121d1d000 	/Library/Java/JavaVirtualMachines/jdk1.8.0_25.jdk/Contents/Home/jre/lib/libnet.dylib

VM Arguments:
jvm_args: -agentlib:jdwp=transport=dt_socket,suspend=y,address=localhost:64428 -Dfile.encoding=UTF-8 
java_command: org.eclipse.jdt.internal.junit.runner.RemoteTestRunner -version 3 -port 64427 -testLoaderClass org.eclipse.jdt.internal.junit4.runner.JUnit4TestLoader -loaderpluginname org.eclipse.jdt.junit4.runtime -classNames FrequentPhrasesTest
java_class_path (initial): /Users/franzejr/programming/git/code-challenges/target/test-classes:/Users/franzejr/programming/git/code-challenges/target/classes:/Users/franzejr/.m2/repository/junit/junit/4.12/junit-4.12.jar:/Users/franzejr/.m2/repository/org/hamcrest/hamcrest-core/1.3/hamcrest-core-1.3.jar:/Users/franzejr/programming/eclipse/configuration/org.eclipse.osgi/bundles/166/1/.cp/:/Users/franzejr/programming/eclipse/configuration/org.eclipse.osgi/bundles/165/1/.cp/
Launcher Type: SUN_STANDARD

Environment Variables:
PATH=/usr/bin:/bin:/usr/sbin:/sbin
SHELL=/bin/bash

Signal Handlers:
SIGSEGV: [libjvm.dylib+0x579dc7], sa_mask[0]=11111111011111110111111111111111, sa_flags=SA_ONSTACK|SA_RESTART|SA_SIGINFO
SIGBUS: [libjvm.dylib+0x579dc7], sa_mask[0]=11111111011111110111111111111111, sa_flags=SA_RESTART|SA_SIGINFO
SIGFPE: [libjvm.dylib+0x45b030], sa_mask[0]=11111111011111110111111111111111, sa_flags=SA_RESTART|SA_SIGINFO
SIGPIPE: [libjvm.dylib+0x45b030], sa_mask[0]=11111111011111110111111111111111, sa_flags=SA_RESTART|SA_SIGINFO
SIGXFSZ: [libjvm.dylib+0x45b030], sa_mask[0]=11111111011111110111111111111111, sa_flags=SA_RESTART|SA_SIGINFO
SIGILL: [libjvm.dylib+0x45b030], sa_mask[0]=11111111011111110111111111111111, sa_flags=SA_RESTART|SA_SIGINFO
SIGUSR1: SIG_DFL, sa_mask[0]=00000000000000000000000000000000, sa_flags=none
SIGUSR2: [libjvm.dylib+0x45ab4e], sa_mask[0]=00100000000000000000000000000000, sa_flags=SA_RESTART|SA_SIGINFO
SIGHUP: [libjvm.dylib+0x459121], sa_mask[0]=11111111011111110111111111111111, sa_flags=SA_RESTART|SA_SIGINFO
SIGINT: [libjvm.dylib+0x459121], sa_mask[0]=11111111011111110111111111111111, sa_flags=SA_RESTART|SA_SIGINFO
SIGTERM: [libjvm.dylib+0x459121], sa_mask[0]=11111111011111110111111111111111, sa_flags=SA_RESTART|SA_SIGINFO
SIGQUIT: [libjvm.dylib+0x459121], sa_mask[0]=11111111011111110111111111111111, sa_flags=SA_RESTART|SA_SIGINFO


---------------  S Y S T E M  ---------------

OS:Bsduname:Darwin 14.3.0 Darwin Kernel Version 14.3.0: Mon Mar 23 11:59:05 PDT 2015; root:xnu-2782.20.48~5/RELEASE_X86_64 x86_64
rlimit: STACK 8192k, CORE 0k, NPROC 709, NOFILE 10240, AS infinity
load average:2.21 2.07 2.06

CPU:total 4 (2 cores per cpu, 2 threads per core) family 6 model 69 stepping 1, cmov, cx8, fxsr, mmx, sse, sse2, sse3, ssse3, sse4.1, sse4.2, popcnt, avx, avx2, aes, clmul, erms, lzcnt, ht, tsc, tscinvbit, bmi1, bmi2

Memory: 4k page, physical 16777216k(565444k free)

/proc/meminfo:


vm_info: Java HotSpot(TM) 64-Bit Server VM (25.25-b02) for bsd-amd64 JRE (1.8.0_25-b17), built on Sep 17 2014 16:56:50 by "java_re" with gcc 4.2.1 (Based on Apple Inc. build 5658) (LLVM build 2336.11.00)

time: Mon Jul  6 23:44:06 2015
elapsed time: 158 seconds (0d 0h 2m 38s)

